<?xml version="1.0" encoding="UTF-8"?>
<!-- Generated by org.testng.reporters.JUnitReportReporter -->
<testsuite hostname="DESKTOP-VEGGGMP" failures="0" tests="3" name="testScript.AdminUsersTest" time="30.645" errors="0" timestamp="2025-11-12T13:54:08 GST" skipped="2">
  <testcase classname="testScript.AdminUsersTest" name="VerifyTheUserIsAbleToAddAdminUsers" time="12.545">
    <skipped/>
  </testcase> <!-- VerifyTheUserIsAbleToAddAdminUsers -->
  <testcase classname="testScript.AdminUsersTest" name="VerifyTheUserIsAbleToAddAdminUsers" time="7.320"/>
  <testcase classname="testScript.AdminUsersTest" name="VerifyTheUserIsAbleToAddAdminUsers" time="10.780">
    <skipped/>
  </testcase> <!-- VerifyTheUserIsAbleToAddAdminUsers -->
</testsuite> <!-- testScript.AdminUsersTest -->
